# JRE version: Java(TM) SE Runtime Environment (8.0_112-b15) (build 1.8.0_112-b15)
# Java VM: Java HotSpot(TM) 64-Bit Server VM (25.112-b15 mixed mode windows-amd64 compressed oops)
Heap:
 PSYoungGen      total 405504K, used 359526K [0x00000000e0000000, 0x0000000100000000, 0x0000000100000000)
  eden space 302080K, 93% used [0x00000000e0000000,0x00000000f13e2430,0x00000000f2700000)
  from space 103424K, 74% used [0x00000000f9b00000,0x00000000fe637688,0x0000000100000000)
  to   space 111104K, 0% used [0x00000000f2700000,0x00000000f2700000,0x00000000f9380000)
 ParOldGen       total 262144K, used 160550K [0x00000000a0000000, 0x00000000b0000000, 0x00000000e0000000)
  object space 262144K, 61% used [0x00000000a0000000,0x00000000a9cc9bc8,0x00000000b0000000)
 Metaspace       used 76410K, capacity 82698K, committed 84952K, reserved 1124352K
  class space    used 9768K, capacity 10446K, committed 11008K, reserved 1048576K
GC Heap History (10 events):
Event: 19433.836 GC heap before
{Heap before GC invocations=52 (full 4):
 PSYoungGen      total 401408K, used 334730K [0x00000000e0000000, 0x00000000ffd80000, 0x0000000100000000)
  eden space 291328K, 100% used [0x00000000e0000000,0x00000000f1c80000,0x00000000f1c80000)
  from space 110080K, 39% used [0x00000000f1c80000,0x00000000f46e2930,0x00000000f8800000)
  to   space 104448K, 0% used [0x00000000f9780000,0x00000000f9780000,0x00000000ffd80000)
 ParOldGen       total 262144K, used 108082K [0x00000000a0000000, 0x00000000b0000000, 0x00000000e0000000)
  object space 262144K, 41% used [0x00000000a0000000,0x00000000a698cb40,0x00000000b0000000)
 Metaspace       used 75871K, capacity 81684K, committed 84440K, reserved 1122304K
  class space    used 9705K, capacity 10352K, committed 11008K, reserved 1048576K
Event: 19433.863 GC heap after
Heap after GC invocations=52 (full 4):
 PSYoungGen      total 399872K, used 46784K [0x00000000e0000000, 0x00000000fef80000, 0x0000000100000000)
  eden space 309760K, 0% used [0x00000000e0000000,0x00000000e0000000,0x00000000f2e80000)
  from space 90112K, 51% used [0x00000000f9780000,0x00000000fc530288,0x00000000fef80000)
  to   space 98816K, 0% used [0x00000000f2e80000,0x00000000f2e80000,0x00000000f8f00000)
 ParOldGen       total 262144K, used 108082K [0x00000000a0000000, 0x00000000b0000000, 0x00000000e0000000)
  object space 262144K, 41% used [0x00000000a0000000,0x00000000a698cb40,0x00000000b0000000)
 Metaspace       used 75871K, capacity 81684K, committed 84440K, reserved 1122304K
  class space    used 9705K, capacity 10352K, committed 11008K, reserved 1048576K
}
Event: 28391.825 GC heap before
{Heap before GC invocations=53 (full 4):
 PSYoungGen      total 399872K, used 356544K [0x00000000e0000000, 0x00000000fef80000, 0x0000000100000000)
  eden space 309760K, 100% used [0x00000000e0000000,0x00000000f2e80000,0x00000000f2e80000)
  from space 90112K, 51% used [0x00000000f9780000,0x00000000fc530288,0x00000000fef80000)
  to   space 98816K, 0% used [0x00000000f2e80000,0x00000000f2e80000,0x00000000f8f00000)
 ParOldGen       total 262144K, used 108082K [0x00000000a0000000, 0x00000000b0000000, 0x00000000e0000000)
  object space 262144K, 41% used [0x00000000a0000000,0x00000000a698cb40,0x00000000b0000000)
 Metaspace       used 76059K, capacity 82126K, committed 84696K, reserved 1122304K
  class space    used 9733K, capacity 10390K, committed 11008K, reserved 1048576K
Event: 28391.951 GC heap after
Heap after GC invocations=53 (full 4):
 PSYoungGen      total 408576K, used 42074K [0x00000000e0000000, 0x0000000100000000, 0x0000000100000000)
  eden space 309760K, 0% used [0x00000000e0000000,0x00000000e0000000,0x00000000f2e80000)
  from space 98816K, 42% used [0x00000000f2e80000,0x00000000f5796930,0x00000000f8f00000)
  to   space 94720K, 0% used [0x00000000fa380000,0x00000000fa380000,0x0000000100000000)
 ParOldGen       total 262144K, used 108090K [0x00000000a0000000, 0x00000000b0000000, 0x00000000e0000000)
  object space 262144K, 41% used [0x00000000a0000000,0x00000000a698eb40,0x00000000b0000000)
 Metaspace       used 76059K, capacity 82126K, committed 84696K, reserved 1122304K
  class space    used 9733K, capacity 10390K, committed 11008K, reserved 1048576K
}
Event: 28397.819 GC heap before
{Heap before GC invocations=54 (full 4):
 PSYoungGen      total 408576K, used 351600K [0x00000000e0000000, 0x0000000100000000, 0x0000000100000000)
  eden space 309760K, 99% used [0x00000000e0000000,0x00000000f2e456d0,0x00000000f2e80000)
  from space 98816K, 42% used [0x00000000f2e80000,0x00000000f5796930,0x00000000f8f00000)
  to   space 94720K, 0% used [0x00000000fa380000,0x00000000fa380000,0x0000000100000000)
 ParOldGen       total 262144K, used 108090K [0x00000000a0000000, 0x00000000b0000000, 0x00000000e0000000)
  object space 262144K, 41% used [0x00000000a0000000,0x00000000a698eb40,0x00000000b0000000)
 Metaspace       used 76132K, capacity 82260K, committed 84696K, reserved 1122304K
  class space    used 9734K, capacity 10391K, committed 11008K, reserved 1048576K
Event: 28397.853 GC heap after
Heap after GC invocations=54 (full 4):
 PSYoungGen      total 412160K, used 46960K [0x00000000e0000000, 0x00000000ff300000, 0x0000000100000000)
  eden space 330752K, 0% used [0x00000000e0000000,0x00000000e0000000,0x00000000f4300000)
  from space 81408K, 57% used [0x00000000fa380000,0x00000000fd15c2d8,0x00000000ff300000)
  to   space 90112K, 0% used [0x00000000f4300000,0x00000000f4300000,0x00000000f9b00000)
 ParOldGen       total 262144K, used 108098K [0x00000000a0000000, 0x00000000b0000000, 0x00000000e0000000)
  object space 262144K, 41% used [0x00000000a0000000,0x00000000a6990b40,0x00000000b0000000)
 Metaspace       used 76132K, capacity 82260K, committed 84696K, reserved 1122304K
  class space    used 9734K, capacity 10391K, committed 11008K, reserved 1048576K
}
Event: 28399.136 GC heap before
{Heap before GC invocations=55 (full 4):
 PSYoungGen      total 412160K, used 377712K [0x00000000e0000000, 0x00000000ff300000, 0x0000000100000000)
  eden space 330752K, 100% used [0x00000000e0000000,0x00000000f4300000,0x00000000f4300000)
  from space 81408K, 57% used [0x00000000fa380000,0x00000000fd15c2d8,0x00000000ff300000)
  to   space 90112K, 0% used [0x00000000f4300000,0x00000000f4300000,0x00000000f9b00000)
 ParOldGen       total 262144K, used 108098K [0x00000000a0000000, 0x00000000b0000000, 0x00000000e0000000)
  object space 262144K, 41% used [0x00000000a0000000,0x00000000a6990b40,0x00000000b0000000)
 Metaspace       used 76171K, capacity 82272K, committed 84696K, reserved 1122304K
  class space    used 9735K, capacity 10394K, committed 11008K, reserved 1048576K
Event: 28399.219 GC heap after
Heap after GC invocations=55 (full 4):
 PSYoungGen      total 420864K, used 90110K [0x00000000e0000000, 0x0000000100000000, 0x0000000100000000)
  eden space 330752K, 0% used [0x00000000e0000000,0x00000000e0000000,0x00000000f4300000)
  from space 90112K, 99% used [0x00000000f4300000,0x00000000f9affac0,0x00000000f9b00000)
  to   space 103424K, 0% used [0x00000000f9b00000,0x00000000f9b00000,0x0000000100000000)
 ParOldGen       total 262144K, used 124653K [0x00000000a0000000, 0x00000000b0000000, 0x00000000e0000000)
  object space 262144K, 47% used [0x00000000a0000000,0x00000000a79bb780,0x00000000b0000000)
 Metaspace       used 76171K, capacity 82272K, committed 84696K, reserved 1122304K
  class space    used 9735K, capacity 10394K, committed 11008K, reserved 1048576K
}
Event: 28399.591 GC heap before
{Heap before GC invocations=56 (full 4):
 PSYoungGen      total 420864K, used 420862K [0x00000000e0000000, 0x0000000100000000, 0x0000000100000000)
  eden space 330752K, 100% used [0x00000000e0000000,0x00000000f4300000,0x00000000f4300000)
  from space 90112K, 99% used [0x00000000f4300000,0x00000000f9affac0,0x00000000f9b00000)
  to   space 103424K, 0% used [0x00000000f9b00000,0x00000000f9b00000,0x0000000100000000)
 ParOldGen       total 262144K, used 124653K [0x00000000a0000000, 0x00000000b0000000, 0x00000000e0000000)
  object space 262144K, 47% used [0x00000000a0000000,0x00000000a79bb780,0x00000000b0000000)
 Metaspace       used 76177K, capacity 82272K, committed 84696K, reserved 1122304K
  class space    used 9735K, capacity 10394K, committed 11008K, reserved 1048576K
Event: 28399.675 GC heap after
Heap after GC invocations=56 (full 4):
 PSYoungGen      total 405504K, used 77021K [0x00000000e0000000, 0x0000000100000000, 0x0000000100000000)
  eden space 302080K, 0% used [0x00000000e0000000,0x00000000e0000000,0x00000000f2700000)
  from space 103424K, 74% used [0x00000000f9b00000,0x00000000fe637688,0x0000000100000000)
  to   space 111104K, 0% used [0x00000000f2700000,0x00000000f2700000,0x00000000f9380000)
 ParOldGen       total 262144K, used 160550K [0x00000000a0000000, 0x00000000b0000000, 0x00000000e0000000)
  object space 262144K, 61% used [0x00000000a0000000,0x00000000a9cc9bc8,0x00000000b0000000)
 Metaspace       used 76177K, capacity 82272K, committed 84696K, reserved 1122304K
  class space    used 9735K, capacity 10394K, committed 11008K, reserved 1048576K
}

